2024/03/30 13:24:47 [notice] 1#1: using the "epoll" event method
2024/03/30 13:24:47 [notice] 1#1: nginx/1.25.0
2024/03/30 13:24:47 [notice] 1#1: built by gcc 10.2.1 20210110 (Debian 10.2.1-6) 
2024/03/30 13:24:47 [notice] 1#1: OS: Linux 5.15.49-linuxkit-pr
2024/03/30 13:24:47 [notice] 1#1: getrlimit(RLIMIT_NOFILE): 1048576:1048576
2024/03/30 13:24:47 [notice] 1#1: start worker processes
2024/03/30 13:24:47 [notice] 1#1: start worker process 20
2024/03/30 13:24:47 [notice] 1#1: start worker process 21
2024/03/30 13:24:47 [notice] 1#1: start worker process 22
2024/03/30 13:24:47 [notice] 1#1: start worker process 23
2024/03/30 13:25:43 [notice] 1#1: signal 3 (SIGQUIT) received, shutting down
2024/03/30 13:25:43 [notice] 20#20: gracefully shutting down
2024/03/30 13:25:43 [notice] 20#20: exiting
2024/03/30 13:25:43 [notice] 23#23: gracefully shutting down
2024/03/30 13:25:43 [notice] 21#21: gracefully shutting down
2024/03/30 13:25:43 [notice] 21#21: exiting
2024/03/30 13:25:43 [notice] 22#22: gracefully shutting down
2024/03/30 13:25:43 [notice] 20#20: exit
2024/03/30 13:25:43 [notice] 22#22: exiting
2024/03/30 13:25:43 [notice] 23#23: exiting
2024/03/30 13:25:43 [notice] 21#21: exit
2024/03/30 13:25:43 [notice] 22#22: exit
2024/03/30 13:25:43 [notice] 23#23: exit
2024/03/30 13:25:43 [notice] 1#1: signal 17 (SIGCHLD) received from 21
2024/03/30 13:25:43 [notice] 1#1: worker process 20 exited with code 0
2024/03/30 13:25:43 [notice] 1#1: worker process 21 exited with code 0
2024/03/30 13:25:43 [notice] 1#1: signal 29 (SIGIO) received
2024/03/30 13:25:43 [notice] 1#1: signal 17 (SIGCHLD) received from 23
2024/03/30 13:25:43 [notice] 1#1: worker process 23 exited with code 0
2024/03/30 13:25:43 [notice] 1#1: signal 29 (SIGIO) received
2024/03/30 13:25:43 [notice] 1#1: signal 17 (SIGCHLD) received from 22
2024/03/30 13:25:43 [notice] 1#1: worker process 22 exited with code 0
2024/03/30 13:25:43 [notice] 1#1: exit
2024/03/30 13:28:22 [notice] 1#1: using the "epoll" event method
2024/03/30 13:28:22 [notice] 1#1: nginx/1.25.0
2024/03/30 13:28:22 [notice] 1#1: built by gcc 10.2.1 20210110 (Debian 10.2.1-6) 
2024/03/30 13:28:22 [notice] 1#1: OS: Linux 5.15.49-linuxkit-pr
2024/03/30 13:28:22 [notice] 1#1: getrlimit(RLIMIT_NOFILE): 1048576:1048576
2024/03/30 13:28:22 [notice] 1#1: start worker processes
2024/03/30 13:28:22 [notice] 1#1: start worker process 20
2024/03/30 13:28:22 [notice] 1#1: start worker process 21
2024/03/30 13:28:22 [notice] 1#1: start worker process 22
2024/03/30 13:28:22 [notice] 1#1: start worker process 23
2024/03/30 17:06:04 [notice] 1#1: signal 3 (SIGQUIT) received, shutting down
2024/03/30 17:06:04 [notice] 20#20: gracefully shutting down
2024/03/30 17:06:04 [notice] 21#21: gracefully shutting down
2024/03/30 17:06:04 [notice] 23#23: gracefully shutting down
2024/03/30 17:06:04 [notice] 21#21: exiting
2024/03/30 17:06:04 [notice] 22#22: gracefully shutting down
2024/03/30 17:06:04 [notice] 20#20: exiting
2024/03/30 17:06:04 [notice] 23#23: exiting
2024/03/30 17:06:04 [notice] 21#21: exit
2024/03/30 17:06:04 [notice] 22#22: exiting
2024/03/30 17:06:04 [notice] 20#20: exit
2024/03/30 17:06:04 [notice] 23#23: exit
2024/03/30 17:06:04 [notice] 22#22: exit
2024/03/30 17:06:04 [notice] 1#1: signal 17 (SIGCHLD) received from 20
2024/03/30 17:06:04 [notice] 1#1: worker process 20 exited with code 0
2024/03/30 17:06:04 [notice] 1#1: worker process 23 exited with code 0
2024/03/30 17:06:04 [notice] 1#1: signal 29 (SIGIO) received
2024/03/30 17:06:04 [notice] 1#1: signal 17 (SIGCHLD) received from 21
2024/03/30 17:06:04 [notice] 1#1: worker process 21 exited with code 0
2024/03/30 17:06:04 [notice] 1#1: signal 29 (SIGIO) received
2024/03/30 17:06:04 [notice] 1#1: signal 17 (SIGCHLD) received from 22
2024/03/30 17:06:04 [notice] 1#1: worker process 22 exited with code 0
2024/03/30 17:06:04 [notice] 1#1: exit
